2025-09-20 22:52:31,257 INFO MT5 initialized
2025-09-20 22:52:31,257 INFO Model or features not found on disk
2025-09-20 22:52:31,261 INFO Training model because loading failed
2025-09-20 22:52:31,261 INFO Fetching training data...
2025-09-20 22:52:31,332 INFO Training XGBoost model...
2025-09-20 22:52:31,843 INFO Validation Accuracy: 0.4754
2025-09-20 22:52:31,857 INFO Saved model to xauusd_xgb_model.joblib and features to xauusd_features.joblib
2025-09-20 22:52:31,859 INFO Entry thread started
2025-09-20 22:52:31,878 INFO [ENTRY] SELL signal prob=0.1907854527235031 lot=5.0 entry=115948.01 sl=115956.14 tp=115931.74999999999
2025-09-20 22:52:31,878 INFO [PAPER] Simulated order: {'action': 1, 'symbol': 'BTCUSDm', 'volume': 5.0, 'type': 1, 'price': 115948.01, 'sl': 115956.14, 'tp': 115931.74999999999, 'deviation': 20, 'magic': 123456, 'type_time': 0, 'type_filling': 1}
2025-09-20 22:52:31,880 INFO Order result: <__main__.MLBot.send_order.<locals>.SimRes object at 0x0000026F2F92A350>
2025-09-20 22:52:36,899 INFO [ENTRY] SELL signal prob=0.22062674164772034 lot=5.0 entry=115943.96 sl=115956.14 tp=115919.60000000002
2025-09-20 22:52:36,899 INFO Cooldown active, skipping trade
2025-09-20 22:52:41,921 INFO [ENTRY] SELL signal prob=0.1907854527235031 lot=5.0 entry=115947.47 sl=115956.14 tp=115930.13
2025-09-20 22:52:41,921 INFO [PAPER] Simulated order: {'action': 1, 'symbol': 'BTCUSDm', 'volume': 5.0, 'type': 1, 'price': 115947.47, 'sl': 115956.14, 'tp': 115930.13, 'deviation': 20, 'magic': 123456, 'type_time': 0, 'type_filling': 1}
2025-09-20 22:52:41,921 INFO Order result: <__main__.MLBot.send_order.<locals>.SimRes object at 0x0000026F2F935B10>
2025-09-20 22:52:46,941 INFO [ENTRY] SELL signal prob=0.22062674164772034 lot=5.0 entry=115945.38 sl=115956.14 tp=115923.86000000002
2025-09-20 22:52:46,943 INFO Cooldown active, skipping trade
2025-09-20 22:52:51,949 INFO [ENTRY] BUY signal prob=0.5400806069374084 lot=5.0 entry=115963.38 sl=115947.12 tp=115995.90000000002
2025-09-20 22:52:51,960 INFO [PAPER] Simulated order: {'action': 1, 'symbol': 'BTCUSDm', 'volume': 5.0, 'type': 0, 'price': 115963.38, 'sl': 115947.12, 'tp': 115995.90000000002, 'deviation': 20, 'magic': 123456, 'type_time': 0, 'type_filling': 1}
2025-09-20 22:52:51,960 INFO Order result: <__main__.MLBot.send_order.<locals>.SimRes object at 0x0000026F2F928C10>
2025-09-20 22:52:56,982 INFO [ENTRY] BUY signal prob=0.6345183253288269 lot=5.0 entry=115963.27 sl=115947.12 tp=115995.57000000002
2025-09-20 22:52:56,984 INFO Cooldown active, skipping trade
2025-09-20 22:53:02,002 INFO [ENTRY] SELL signal prob=0.13502465188503265 lot=5.0 entry=115945.19 sl=115955.16 tp=115925.25
2025-09-20 22:53:02,002 INFO [PAPER] Simulated order: {'action': 1, 'symbol': 'BTCUSDm', 'volume': 5.0, 'type': 1, 'price': 115945.19, 'sl': 115955.16, 'tp': 115925.25, 'deviation': 20, 'magic': 123456, 'type_time': 0, 'type_filling': 1}
2025-09-20 22:53:02,003 INFO Order result: <__main__.MLBot.send_order.<locals>.SimRes object at 0x0000026F2D5FB110>
2025-09-20 22:53:07,026 INFO [ENTRY] SELL signal prob=0.137978658080101 lot=5.0 entry=115940.84 sl=115955.16 tp=115912.19999999998
2025-09-20 22:53:07,026 INFO Cooldown active, skipping trade
2025-09-20 22:53:12,041 INFO [ENTRY] SELL signal prob=0.14246037602424622 lot=5.0 entry=115941.18 sl=115955.16 tp=115913.21999999997
2025-09-20 22:53:12,041 INFO [PAPER] Simulated order: {'action': 1, 'symbol': 'BTCUSDm', 'volume': 5.0, 'type': 1, 'price': 115941.18, 'sl': 115955.16, 'tp': 115913.21999999997, 'deviation': 20, 'magic': 123456, 'type_time': 0, 'type_filling': 1}
2025-09-20 22:53:12,041 INFO Order result: <__main__.MLBot.send_order.<locals>.SimRes object at 0x0000026F2F5FF290>
2025-09-20 22:53:17,057 INFO [ENTRY] SELL signal prob=0.14246037602424622 lot=5.0 entry=115941.25 sl=115955.16 tp=115913.43
2025-09-20 22:53:17,059 INFO Cooldown active, skipping trade
2025-09-20 22:53:22,081 INFO [ENTRY] SELL signal prob=0.1518452912569046 lot=5.0 entry=115945.68 sl=115955.16 tp=115926.71999999997
2025-09-20 22:53:22,081 INFO [PAPER] Simulated order: {'action': 1, 'symbol': 'BTCUSDm', 'volume': 5.0, 'type': 1, 'price': 115945.68, 'sl': 115955.16, 'tp': 115926.71999999997, 'deviation': 20, 'magic': 123456, 'type_time': 0, 'type_filling': 1}
2025-09-20 22:53:22,081 INFO Order result: <__main__.MLBot.send_order.<locals>.SimRes object at 0x0000026F2F5A8790>
2025-09-20 22:53:27,102 INFO [ENTRY] SELL signal prob=0.1518452912569046 lot=5.0 entry=115946.12 sl=115955.16 tp=115928.03999999998
2025-09-20 22:53:27,102 INFO Cooldown active, skipping trade
2025-09-20 22:53:32,118 INFO [ENTRY] SELL signal prob=0.1518452912569046 lot=5.0 entry=115946.03 sl=115955.16 tp=115927.76999999999
2025-09-20 22:53:32,120 INFO [PAPER] Simulated order: {'action': 1, 'symbol': 'BTCUSDm', 'volume': 5.0, 'type': 1, 'price': 115946.03, 'sl': 115955.16, 'tp': 115927.76999999999, 'deviation': 20, 'magic': 123456, 'type_time': 0, 'type_filling': 1}
2025-09-20 22:53:32,120 INFO Order result: <__main__.MLBot.send_order.<locals>.SimRes object at 0x0000026F2F929AD0>
2025-09-20 22:53:37,134 INFO [ENTRY] SELL signal prob=0.1518452912569046 lot=5.0 entry=115945.96 sl=115955.16 tp=115927.56000000001
2025-09-20 22:53:37,135 INFO Cooldown active, skipping trade
2025-09-20 22:53:42,159 INFO [ENTRY] SELL signal prob=0.1518452912569046 lot=5.0 entry=115945.94 sl=115955.16 tp=115927.5
2025-09-20 22:53:42,159 INFO [PAPER] Simulated order: {'action': 1, 'symbol': 'BTCUSDm', 'volume': 5.0, 'type': 1, 'price': 115945.94, 'sl': 115955.16, 'tp': 115927.5, 'deviation': 20, 'magic': 123456, 'type_time': 0, 'type_filling': 1}
2025-09-20 22:53:42,159 INFO Order result: <__main__.MLBot.send_order.<locals>.SimRes object at 0x0000026F2F6CB850>
2025-09-20 22:53:47,183 INFO [ENTRY] SELL signal prob=0.1518452912569046 lot=5.0 entry=115945.96 sl=115955.16 tp=115927.56000000001
2025-09-20 22:53:47,183 INFO Cooldown active, skipping trade
2025-09-20 22:53:52,204 INFO [ENTRY] SELL signal prob=0.1518452912569046 lot=5.0 entry=115945.87 sl=115955.16 tp=115927.28999999998
2025-09-20 22:53:52,204 INFO [PAPER] Simulated order: {'action': 1, 'symbol': 'BTCUSDm', 'volume': 5.0, 'type': 1, 'price': 115945.87, 'sl': 115955.16, 'tp': 115927.28999999998, 'deviation': 20, 'magic': 123456, 'type_time': 0, 'type_filling': 1}
2025-09-20 22:53:52,208 INFO Order result: <__main__.MLBot.send_order.<locals>.SimRes object at 0x0000026F2F936750>
2025-09-20 22:53:57,212 INFO [ENTRY] SELL signal prob=0.38632217049598694 lot=5.0 entry=115943.93 sl=115955.16 tp=115921.46999999997
2025-09-20 22:53:57,212 INFO Cooldown active, skipping trade
2025-09-20 22:54:02,226 INFO [ENTRY] SELL signal prob=0.12054387480020523 lot=5.0 entry=115945.65 sl=115949.17 tp=115938.60999999999
2025-09-20 22:54:02,226 INFO [PAPER] Simulated order: {'action': 1, 'symbol': 'BTCUSDm', 'volume': 5.0, 'type': 1, 'price': 115945.65, 'sl': 115949.17, 'tp': 115938.60999999999, 'deviation': 20, 'magic': 123456, 'type_time': 0, 'type_filling': 1}
2025-09-20 22:54:02,226 INFO Order result: <__main__.MLBot.send_order.<locals>.SimRes object at 0x0000026F2F936C90>
2025-09-20 22:54:07,249 INFO [ENTRY] SELL signal prob=0.12054387480020523 lot=5.0 entry=115945.53 sl=115949.17 tp=115938.25
2025-09-20 22:54:07,252 INFO Cooldown active, skipping trade
2025-09-20 22:54:12,274 INFO [ENTRY] SELL signal prob=0.12054387480020523 lot=5.0 entry=115945.66 sl=115949.17 tp=115938.64000000001
2025-09-20 22:54:12,275 INFO [PAPER] Simulated order: {'action': 1, 'symbol': 'BTCUSDm', 'volume': 5.0, 'type': 1, 'price': 115945.66, 'sl': 115949.17, 'tp': 115938.64000000001, 'deviation': 20, 'magic': 123456, 'type_time': 0, 'type_filling': 1}
2025-09-20 22:54:12,275 INFO Order result: <__main__.MLBot.send_order.<locals>.SimRes object at 0x0000026F2F4F0A10>
2025-09-20 22:54:17,287 INFO [ENTRY] SELL signal prob=0.12054387480020523 lot=5.0 entry=115945.53 sl=115949.17 tp=115938.25
2025-09-20 22:54:17,287 INFO Cooldown active, skipping trade
2025-09-20 22:54:22,312 INFO [ENTRY] SELL signal prob=0.10582325607538223 lot=5.0 entry=115944.45 sl=115949.17 tp=115935.01
2025-09-20 22:54:22,312 INFO [PAPER] Simulated order: {'action': 1, 'symbol': 'BTCUSDm', 'volume': 5.0, 'type': 1, 'price': 115944.45, 'sl': 115949.17, 'tp': 115935.01, 'deviation': 20, 'magic': 123456, 'type_time': 0, 'type_filling': 1}
2025-09-20 22:54:22,314 INFO Order result: <__main__.MLBot.send_order.<locals>.SimRes object at 0x0000026F1D9910D0>
2025-09-20 22:54:27,333 INFO [ENTRY] SELL signal prob=0.10932527482509613 lot=5.0 entry=115945.38 sl=115949.17 tp=115937.80000000002
2025-09-20 22:54:27,335 INFO Cooldown active, skipping trade
2025-09-20 22:54:32,353 INFO [ENTRY] SELL signal prob=0.10932527482509613 lot=5.0 entry=115945.49 sl=115949.17 tp=115938.13000000002
2025-09-20 22:54:32,353 INFO [PAPER] Simulated order: {'action': 1, 'symbol': 'BTCUSDm', 'volume': 5.0, 'type': 1, 'price': 115945.49, 'sl': 115949.17, 'tp': 115938.13000000002, 'deviation': 20, 'magic': 123456, 'type_time': 0, 'type_filling': 1}
2025-09-20 22:54:32,353 INFO Order result: <__main__.MLBot.send_order.<locals>.SimRes object at 0x0000026F2F94D550>
2025-09-20 22:54:37,375 INFO [ENTRY] SELL signal prob=0.10932527482509613 lot=5.0 entry=115945.43 sl=115949.17 tp=115937.94999999998
2025-09-20 22:54:37,375 INFO Cooldown active, skipping trade
2025-09-20 22:54:42,389 INFO [ENTRY] SELL signal prob=0.10932527482509613 lot=5.0 entry=115946.01 sl=115949.17 tp=115939.68999999999
2025-09-20 22:54:42,391 INFO [PAPER] Simulated order: {'action': 1, 'symbol': 'BTCUSDm', 'volume': 5.0, 'type': 1, 'price': 115946.01, 'sl': 115949.17, 'tp': 115939.68999999999, 'deviation': 20, 'magic': 123456, 'type_time': 0, 'type_filling': 1}
2025-09-20 22:54:42,391 INFO Order result: <__main__.MLBot.send_order.<locals>.SimRes object at 0x0000026F2F920A10>
2025-09-20 22:54:47,414 INFO [ENTRY] SELL signal prob=0.11102575808763504 lot=5.0 entry=115946.35 sl=115949.17 tp=115940.71000000002
2025-09-20 22:54:47,414 INFO Cooldown active, skipping trade
2025-09-20 22:54:52,436 INFO [ENTRY] SELL signal prob=0.2166016548871994 lot=5.0 entry=115946.9 sl=115949.17 tp=115942.35999999999
2025-09-20 22:54:52,437 INFO [PAPER] Simulated order: {'action': 1, 'symbol': 'BTCUSDm', 'volume': 5.0, 'type': 1, 'price': 115946.9, 'sl': 115949.17, 'tp': 115942.35999999999, 'deviation': 20, 'magic': 123456, 'type_time': 0, 'type_filling': 1}
2025-09-20 22:54:52,437 INFO Order result: <__main__.MLBot.send_order.<locals>.SimRes object at 0x0000026F2F921650>
2025-09-20 22:54:57,461 INFO [ENTRY] SELL signal prob=0.2166016548871994 lot=5.0 entry=115946.68 sl=115949.17 tp=115941.69999999998
2025-09-20 22:54:57,461 INFO Cooldown active, skipping trade
2025-09-20 22:55:02,485 INFO [ENTRY] SELL signal prob=0.14810997247695923 lot=5.0 entry=115946.14 sl=115947.46 tp=115943.49999999999
2025-09-20 22:55:02,485 INFO [PAPER] Simulated order: {'action': 1, 'symbol': 'BTCUSDm', 'volume': 5.0, 'type': 1, 'price': 115946.14, 'sl': 115947.46, 'tp': 115943.49999999999, 'deviation': 20, 'magic': 123456, 'type_time': 0, 'type_filling': 1}
2025-09-20 22:55:02,485 INFO Order result: <__main__.MLBot.send_order.<locals>.SimRes object at 0x0000026F2F5FDE50>
2025-09-20 22:55:07,506 INFO [ENTRY] SELL signal prob=0.14810997247695923 lot=5.0 entry=115946.13 sl=115947.46 tp=115943.47
2025-09-20 22:55:07,508 INFO Cooldown active, skipping trade
2025-09-20 22:55:12,522 INFO [ENTRY] SELL signal prob=0.14810997247695923 lot=5.0 entry=115946.1 sl=115947.46 tp=115943.38
2025-09-20 22:55:12,522 INFO [PAPER] Simulated order: {'action': 1, 'symbol': 'BTCUSDm', 'volume': 5.0, 'type': 1, 'price': 115946.1, 'sl': 115947.46, 'tp': 115943.38, 'deviation': 20, 'magic': 123456, 'type_time': 0, 'type_filling': 1}
2025-09-20 22:55:12,522 INFO Order result: <__main__.MLBot.send_order.<locals>.SimRes object at 0x0000026F2F935C90>
2025-09-20 22:55:17,539 INFO [ENTRY] SELL signal prob=0.14810997247695923 lot=5.0 entry=115946.09 sl=115947.46 tp=115943.34999999998
2025-09-20 22:55:17,539 INFO Cooldown active, skipping trade
2025-09-20 22:55:22,556 INFO [ENTRY] SELL signal prob=0.14810997247695923 lot=5.0 entry=115946.09 sl=115947.46 tp=115943.34999999998
2025-09-20 22:55:22,556 INFO [PAPER] Simulated order: {'action': 1, 'symbol': 'BTCUSDm', 'volume': 5.0, 'type': 1, 'price': 115946.09, 'sl': 115947.46, 'tp': 115943.34999999998, 'deviation': 20, 'magic': 123456, 'type_time': 0, 'type_filling': 1}
2025-09-20 22:55:22,558 INFO Order result: <__main__.MLBot.send_order.<locals>.SimRes object at 0x0000026F2F929410>
2025-09-20 22:55:27,574 INFO [ENTRY] SELL signal prob=0.14810997247695923 lot=5.0 entry=115945.95 sl=115947.46 tp=115942.92999999998
2025-09-20 22:55:27,576 INFO Cooldown active, skipping trade
2025-09-20 22:55:32,579 INFO [ENTRY] SELL signal prob=0.14810997247695923 lot=5.0 entry=115946.09 sl=115947.46 tp=115943.34999999998
2025-09-20 22:55:32,588 INFO [PAPER] Simulated order: {'action': 1, 'symbol': 'BTCUSDm', 'volume': 5.0, 'type': 1, 'price': 115946.09, 'sl': 115947.46, 'tp': 115943.34999999998, 'deviation': 20, 'magic': 123456, 'type_time': 0, 'type_filling': 1}
2025-09-20 22:55:32,588 INFO Order result: <__main__.MLBot.send_order.<locals>.SimRes object at 0x0000026F1D661B10>
2025-09-20 22:55:37,597 INFO [ENTRY] SELL signal prob=0.14810997247695923 lot=5.0 entry=115946.08 sl=115947.46 tp=115943.31999999999
2025-09-20 22:55:37,597 INFO Cooldown active, skipping trade
2025-09-20 22:55:42,615 INFO [ENTRY] SELL signal prob=0.14812429249286652 lot=5.0 entry=115943.39 sl=115947.46 tp=115935.24999999999
2025-09-20 22:55:42,615 INFO [PAPER] Simulated order: {'action': 1, 'symbol': 'BTCUSDm', 'volume': 5.0, 'type': 1, 'price': 115943.39, 'sl': 115947.46, 'tp': 115935.24999999999, 'deviation': 20, 'magic': 123456, 'type_time': 0, 'type_filling': 1}
2025-09-20 22:55:42,615 INFO Order result: <__main__.MLBot.send_order.<locals>.SimRes object at 0x0000026F2F94D150>
2025-09-20 22:55:47,633 INFO [ENTRY] SELL signal prob=0.15798164904117584 lot=5.0 entry=115946.08 sl=115947.46 tp=115943.31999999999
2025-09-20 22:55:47,635 INFO Cooldown active, skipping trade
2025-09-20 22:55:52,654 INFO [ENTRY] SELL signal prob=0.15798164904117584 lot=5.0 entry=115946.07 sl=115947.46 tp=115943.29000000001
2025-09-20 22:55:52,654 INFO [PAPER] Simulated order: {'action': 1, 'symbol': 'BTCUSDm', 'volume': 5.0, 'type': 1, 'price': 115946.07, 'sl': 115947.46, 'tp': 115943.29000000001, 'deviation': 20, 'magic': 123456, 'type_time': 0, 'type_filling': 1}
2025-09-20 22:55:52,654 INFO Order result: <__main__.MLBot.send_order.<locals>.SimRes object at 0x0000026F2F909C10>
2025-09-20 22:55:57,668 INFO [ENTRY] SELL signal prob=0.287447988986969 lot=5.0 entry=115946.16 sl=115947.46 tp=115943.56
2025-09-20 22:55:57,668 INFO Cooldown active, skipping trade
2025-09-20 22:56:02,689 INFO [ENTRY] SELL signal prob=0.14503686130046844 lot=5.0 entry=115946.28 sl=115946.52 tp=115945.79999999999
2025-09-20 22:56:02,689 INFO [PAPER] Simulated order: {'action': 1, 'symbol': 'BTCUSDm', 'volume': 5.0, 'type': 1, 'price': 115946.28, 'sl': 115946.52, 'tp': 115945.79999999999, 'deviation': 20, 'magic': 123456, 'type_time': 0, 'type_filling': 1}
2025-09-20 22:56:02,689 INFO Order result: <__main__.MLBot.send_order.<locals>.SimRes object at 0x0000026F2F928390>
2025-09-20 22:56:07,707 INFO [ENTRY] SELL signal prob=0.14503686130046844 lot=5.0 entry=115946.65 sl=115946.52 tp=115946.39000000001
2025-09-20 22:56:07,707 INFO Cooldown active, skipping trade
2025-09-20 22:56:12,723 INFO [ENTRY] SELL signal prob=0.14503686130046844 lot=5.0 entry=115946.65 sl=115946.52 tp=115946.39000000001
2025-09-20 22:56:12,723 INFO [PAPER] Simulated order: {'action': 1, 'symbol': 'BTCUSDm', 'volume': 5.0, 'type': 1, 'price': 115946.65, 'sl': 115946.52, 'tp': 115946.39000000001, 'deviation': 20, 'magic': 123456, 'type_time': 0, 'type_filling': 1}
2025-09-20 22:56:12,725 INFO Order result: <__main__.MLBot.send_order.<locals>.SimRes object at 0x0000026F2F922C10>
2025-09-20 22:56:17,729 INFO [ENTRY] SELL signal prob=0.14503686130046844 lot=5.0 entry=115946.66 sl=115946.52 tp=115946.38
2025-09-20 22:56:17,737 INFO Cooldown active, skipping trade
2025-09-20 22:56:22,755 INFO [ENTRY] SELL signal prob=0.14503686130046844 lot=5.0 entry=115946.79 sl=115946.52 tp=115946.25000000001
2025-09-20 22:56:22,755 INFO [PAPER] Simulated order: {'action': 1, 'symbol': 'BTCUSDm', 'volume': 5.0, 'type': 1, 'price': 115946.79, 'sl': 115946.52, 'tp': 115946.25000000001, 'deviation': 20, 'magic': 123456, 'type_time': 0, 'type_filling': 1}
2025-09-20 22:56:22,755 INFO Order result: <__main__.MLBot.send_order.<locals>.SimRes object at 0x0000026F2F4E1F10>
2025-09-20 22:56:27,780 INFO [ENTRY] SELL signal prob=0.14503686130046844 lot=5.0 entry=115946.95 sl=115946.52 tp=115946.09000000001
2025-09-20 22:56:27,780 INFO Cooldown active, skipping trade
2025-09-20 22:56:32,802 INFO [ENTRY] SELL signal prob=0.1471327245235443 lot=5.0 entry=115947.45 sl=115946.52 tp=115945.59000000001
2025-09-20 22:56:32,802 INFO [PAPER] Simulated order: {'action': 1, 'symbol': 'BTCUSDm', 'volume': 5.0, 'type': 1, 'price': 115947.45, 'sl': 115946.52, 'tp': 115945.59000000001, 'deviation': 20, 'magic': 123456, 'type_time': 0, 'type_filling': 1}
2025-09-20 22:56:32,804 INFO Order result: <__main__.MLBot.send_order.<locals>.SimRes object at 0x0000026F2F928390>
2025-09-20 22:56:37,827 INFO [ENTRY] SELL signal prob=0.14503686130046844 lot=5.0 entry=115946.98 sl=115946.52 tp=115946.06000000001
2025-09-20 22:56:37,827 INFO Cooldown active, skipping trade
2025-09-20 22:56:42,838 INFO [ENTRY] SELL signal prob=0.2645188570022583 lot=5.0 entry=115947.19 sl=115946.52 tp=115945.85
2025-09-20 22:56:42,838 INFO [PAPER] Simulated order: {'action': 1, 'symbol': 'BTCUSDm', 'volume': 5.0, 'type': 1, 'price': 115947.19, 'sl': 115946.52, 'tp': 115945.85, 'deviation': 20, 'magic': 123456, 'type_time': 0, 'type_filling': 1}
2025-09-20 22:56:42,838 INFO Order result: <__main__.MLBot.send_order.<locals>.SimRes object at 0x0000026F2F96AB90>
2025-09-20 22:56:45,151 INFO KeyboardInterrupt: stopping bot
2025-09-20 22:56:47,840 INFO Entry thread stopped
2025-09-20 22:56:47,840 INFO MT5 shutdown
2025-09-20 23:22:51,993 INFO Loaded model xauusd_xgb_model.joblib and features list
2025-09-20 23:22:51,995 INFO Entry thread started
2025-09-20 23:22:52,016 INFO [ENTRY] SELL signal prob=0.20689111948013306 lot=5.0 entry=115898.2 sl=115904.32 tp=115885.95999999998
2025-09-20 23:22:52,019 INFO Order send result: retcode=10016, comment=Invalid stops, order={'action': 1, 'symbol': 'BTCUSDm', 'volume': 5.0, 'type': 1, 'price': 115898.2, 'sl': 115904.32, 'tp': 115885.95999999998, 'deviation': 20, 'magic': 123456, 'comment': 'xgboost_trade', 'type_time': 0, 'type_filling': 1}
2025-09-20 23:22:52,019 ERROR Order failed: retcode=10016, detail=OrderSendResult(retcode=10016, deal=0, order=0, volume=0.0, price=0.0, bid=0.0, ask=0.0, comment='Invalid stops', request_id=0, retcode_external=0, request=TradeRequest(action=1, magic=123456, order=0, symbol='BTCUSDm', volume=5.0, price=115898.2, stoplimit=0.0, sl=115904.32, tp=115885.95999999998, deviation=20, type=1, type_filling=1, type_time=0, expiration=0, comment='xgboost_trade', position=0, position_by=0))
2025-09-20 23:22:52,021 INFO Order result: OrderSendResult(retcode=10016, deal=0, order=0, volume=0.0, price=0.0, bid=0.0, ask=0.0, comment='Invalid stops', request_id=0, retcode_external=0, request=TradeRequest(action=1, magic=123456, order=0, symbol='BTCUSDm', volume=5.0, price=115898.2, stoplimit=0.0, sl=115904.32, tp=115885.95999999998, deviation=20, type=1, type_filling=1, type_time=0, expiration=0, comment='xgboost_trade', position=0, position_by=0))
2025-09-20 23:22:57,046 INFO [ENTRY] SELL signal prob=0.31445688009262085 lot=5.0 entry=115898.14 sl=115904.32 tp=115885.77999999998
2025-09-20 23:22:57,046 INFO Cooldown active, skipping trade
2025-09-20 23:23:02,068 INFO [ENTRY] SELL signal prob=0.07036539912223816 lot=5.0 entry=115898.0 sl=115901.68 tp=115890.64000000001
2025-09-20 23:23:02,069 INFO Order send result: retcode=10016, comment=Invalid stops, order={'action': 1, 'symbol': 'BTCUSDm', 'volume': 5.0, 'type': 1, 'price': 115898.0, 'sl': 115901.68, 'tp': 115890.64000000001, 'deviation': 20, 'magic': 123456, 'comment': 'xgboost_trade', 'type_time': 0, 'type_filling': 1}
2025-09-20 23:23:02,069 ERROR Order failed: retcode=10016, detail=OrderSendResult(retcode=10016, deal=0, order=0, volume=0.0, price=0.0, bid=0.0, ask=0.0, comment='Invalid stops', request_id=0, retcode_external=0, request=TradeRequest(action=1, magic=123456, order=0, symbol='BTCUSDm', volume=5.0, price=115898.0, stoplimit=0.0, sl=115901.68, tp=115890.64000000001, deviation=20, type=1, type_filling=1, type_time=0, expiration=0, comment='xgboost_trade', position=0, position_by=0))
2025-09-20 23:23:02,069 INFO Order result: OrderSendResult(retcode=10016, deal=0, order=0, volume=0.0, price=0.0, bid=0.0, ask=0.0, comment='Invalid stops', request_id=0, retcode_external=0, request=TradeRequest(action=1, magic=123456, order=0, symbol='BTCUSDm', volume=5.0, price=115898.0, stoplimit=0.0, sl=115901.68, tp=115890.64000000001, deviation=20, type=1, type_filling=1, type_time=0, expiration=0, comment='xgboost_trade', position=0, position_by=0))
2025-09-20 23:23:07,095 INFO [ENTRY] SELL signal prob=0.07036539912223816 lot=5.0 entry=115897.89 sl=115901.68 tp=115890.31000000001
2025-09-20 23:23:07,097 INFO Cooldown active, skipping trade
2025-09-20 23:23:12,113 INFO [ENTRY] SELL signal prob=0.06913193315267563 lot=5.0 entry=115897.71 sl=115901.68 tp=115889.77000000003
2025-09-20 23:23:12,113 INFO Order send result: retcode=10016, comment=Invalid stops, order={'action': 1, 'symbol': 'BTCUSDm', 'volume': 5.0, 'type': 1, 'price': 115897.71, 'sl': 115901.68, 'tp': 115889.77000000003, 'deviation': 20, 'magic': 123456, 'comment': 'xgboost_trade', 'type_time': 0, 'type_filling': 1}
2025-09-20 23:23:12,113 ERROR Order failed: retcode=10016, detail=OrderSendResult(retcode=10016, deal=0, order=0, volume=0.0, price=0.0, bid=0.0, ask=0.0, comment='Invalid stops', request_id=0, retcode_external=0, request=TradeRequest(action=1, magic=123456, order=0, symbol='BTCUSDm', volume=5.0, price=115897.71, stoplimit=0.0, sl=115901.68, tp=115889.77000000003, deviation=20, type=1, type_filling=1, type_time=0, expiration=0, comment='xgboost_trade', position=0, position_by=0))
2025-09-20 23:23:12,115 INFO Order result: OrderSendResult(retcode=10016, deal=0, order=0, volume=0.0, price=0.0, bid=0.0, ask=0.0, comment='Invalid stops', request_id=0, retcode_external=0, request=TradeRequest(action=1, magic=123456, order=0, symbol='BTCUSDm', volume=5.0, price=115897.71, stoplimit=0.0, sl=115901.68, tp=115889.77000000003, deviation=20, type=1, type_filling=1, type_time=0, expiration=0, comment='xgboost_trade', position=0, position_by=0))
2025-09-20 23:23:17,143 INFO [ENTRY] SELL signal prob=0.09771060943603516 lot=5.0 entry=115906.46 sl=115901.68 tp=115896.89999999998
2025-09-20 23:23:17,143 INFO Cooldown active, skipping trade
2025-09-20 23:23:22,181 INFO [ENTRY] SELL signal prob=0.09434850513935089 lot=5.0 entry=115907.84 sl=115901.68 tp=115895.51999999999
2025-09-20 23:23:22,183 INFO Order send result: retcode=10016, comment=Invalid stops, order={'action': 1, 'symbol': 'BTCUSDm', 'volume': 5.0, 'type': 1, 'price': 115907.84, 'sl': 115901.68, 'tp': 115895.51999999999, 'deviation': 20, 'magic': 123456, 'comment': 'xgboost_trade', 'type_time': 0, 'type_filling': 1}
2025-09-20 23:23:22,183 ERROR Order failed: retcode=10016, detail=OrderSendResult(retcode=10016, deal=0, order=0, volume=0.0, price=0.0, bid=0.0, ask=0.0, comment='Invalid stops', request_id=0, retcode_external=0, request=TradeRequest(action=1, magic=123456, order=0, symbol='BTCUSDm', volume=5.0, price=115907.84, stoplimit=0.0, sl=115901.68, tp=115895.51999999999, deviation=20, type=1, type_filling=1, type_time=0, expiration=0, comment='xgboost_trade', position=0, position_by=0))
2025-09-20 23:23:22,185 INFO Order result: OrderSendResult(retcode=10016, deal=0, order=0, volume=0.0, price=0.0, bid=0.0, ask=0.0, comment='Invalid stops', request_id=0, retcode_external=0, request=TradeRequest(action=1, magic=123456, order=0, symbol='BTCUSDm', volume=5.0, price=115907.84, stoplimit=0.0, sl=115901.68, tp=115895.51999999999, deviation=20, type=1, type_filling=1, type_time=0, expiration=0, comment='xgboost_trade', position=0, position_by=0))
2025-09-20 23:23:27,221 INFO [ENTRY] SELL signal prob=0.09434850513935089 lot=5.0 entry=115907.71 sl=115901.68 tp=115895.64999999998
2025-09-20 23:23:27,221 INFO Cooldown active, skipping trade
2025-09-20 23:23:29,418 INFO KeyboardInterrupt: stopping bot
2025-09-20 23:26:03,658 INFO Loaded model xauusd_xgb_model.joblib and features list
2025-09-20 23:26:03,658 INFO Entry thread started
2025-09-20 23:26:03,682 INFO [ENTRY] SELL signal prob=0.07320403307676315 lot=5.0 entry=115888.13 sl=115889.77 tp=115884.85
2025-09-20 23:26:03,682 INFO Order send result: retcode=10016, comment=Invalid stops, order={'action': 1, 'symbol': 'BTCUSDm', 'volume': 5.0, 'type': 1, 'price': 115888.13, 'sl': 115889.77, 'tp': 115884.85, 'deviation': 20, 'magic': 123456, 'comment': 'xgboost_trade', 'type_time': 0, 'type_filling': 1}
2025-09-20 23:26:03,682 ERROR Order failed: retcode=10016, detail=OrderSendResult(retcode=10016, deal=0, order=0, volume=0.0, price=0.0, bid=0.0, ask=0.0, comment='Invalid stops', request_id=0, retcode_external=0, request=TradeRequest(action=1, magic=123456, order=0, symbol='BTCUSDm', volume=5.0, price=115888.13, stoplimit=0.0, sl=115889.77, tp=115884.85, deviation=20, type=1, type_filling=1, type_time=0, expiration=0, comment='xgboost_trade', position=0, position_by=0))
2025-09-20 23:26:03,682 INFO Order result: OrderSendResult(retcode=10016, deal=0, order=0, volume=0.0, price=0.0, bid=0.0, ask=0.0, comment='Invalid stops', request_id=0, retcode_external=0, request=TradeRequest(action=1, magic=123456, order=0, symbol='BTCUSDm', volume=5.0, price=115888.13, stoplimit=0.0, sl=115889.77, tp=115884.85, deviation=20, type=1, type_filling=1, type_time=0, expiration=0, comment='xgboost_trade', position=0, position_by=0))
2025-09-20 23:26:08,699 INFO [ENTRY] SELL signal prob=0.07320403307676315 lot=5.0 entry=115887.91 sl=115889.77 tp=115884.19
2025-09-20 23:26:08,699 INFO Cooldown active, skipping trade
2025-09-20 23:26:13,736 INFO [ENTRY] SELL signal prob=0.07320403307676315 lot=5.0 entry=115888.07 sl=115889.77 tp=115884.67000000001
2025-09-20 23:26:13,738 INFO Order send result: retcode=10016, comment=Invalid stops, order={'action': 1, 'symbol': 'BTCUSDm', 'volume': 5.0, 'type': 1, 'price': 115888.07, 'sl': 115889.77, 'tp': 115884.67000000001, 'deviation': 20, 'magic': 123456, 'comment': 'xgboost_trade', 'type_time': 0, 'type_filling': 1}
2025-09-20 23:26:13,738 ERROR Order failed: retcode=10016, detail=OrderSendResult(retcode=10016, deal=0, order=0, volume=0.0, price=0.0, bid=0.0, ask=0.0, comment='Invalid stops', request_id=0, retcode_external=0, request=TradeRequest(action=1, magic=123456, order=0, symbol='BTCUSDm', volume=5.0, price=115888.07, stoplimit=0.0, sl=115889.77, tp=115884.67000000001, deviation=20, type=1, type_filling=1, type_time=0, expiration=0, comment='xgboost_trade', position=0, position_by=0))
2025-09-20 23:26:13,738 INFO Order result: OrderSendResult(retcode=10016, deal=0, order=0, volume=0.0, price=0.0, bid=0.0, ask=0.0, comment='Invalid stops', request_id=0, retcode_external=0, request=TradeRequest(action=1, magic=123456, order=0, symbol='BTCUSDm', volume=5.0, price=115888.07, stoplimit=0.0, sl=115889.77, tp=115884.67000000001, deviation=20, type=1, type_filling=1, type_time=0, expiration=0, comment='xgboost_trade', position=0, position_by=0))
2025-09-20 23:26:18,770 INFO [ENTRY] SELL signal prob=0.07320403307676315 lot=5.0 entry=115888.09 sl=115889.77 tp=115884.72999999998
2025-09-20 23:26:18,772 INFO Cooldown active, skipping trade
2025-09-20 23:26:22,753 INFO KeyboardInterrupt: stopping bot
2025-09-20 23:26:23,773 INFO Entry thread stopped
2025-09-20 23:26:23,773 INFO MT5 shutdown
2025-09-20 23:40:58,510 INFO Loaded model xauusd_xgb_model.joblib and features list
2025-09-20 23:40:58,512 INFO Entry thread started
2025-09-20 23:41:37,939 INFO KeyboardInterrupt: stopping bot
2025-09-20 23:41:38,515 INFO Entry thread stopped
2025-09-20 23:41:38,515 INFO MT5 shutdown
2025-09-20 23:41:47,513 INFO Loaded model xauusd_xgb_model.joblib and features list
2025-09-20 23:41:47,513 INFO Entry thread started
2025-09-20 23:41:47,558 INFO [ENTRY] SELL signal prob=0.46008074283599854 lot=5.0 entry=115812.25 sl=115818.72 tp=115799.31
2025-09-20 23:41:47,558 INFO Order send result: retcode=10016, comment=Invalid stops, order={'action': 1, 'symbol': 'BTCUSDm', 'volume': 5.0, 'type': 1, 'price': 115812.25, 'sl': 115818.72, 'tp': 115799.31, 'deviation': 20, 'magic': 123456, 'comment': 'xgboost_trade', 'type_time': 0, 'type_filling': 1}
2025-09-20 23:41:47,559 ERROR Order failed: retcode=10016, detail=OrderSendResult(retcode=10016, deal=0, order=0, volume=0.0, price=0.0, bid=0.0, ask=0.0, comment='Invalid stops', request_id=0, retcode_external=0, request=TradeRequest(action=1, magic=123456, order=0, symbol='BTCUSDm', volume=5.0, price=115812.25, stoplimit=0.0, sl=115818.72, tp=115799.31, deviation=20, type=1, type_filling=1, type_time=0, expiration=0, comment='xgboost_trade', position=0, position_by=0))
2025-09-20 23:41:47,559 INFO Order result: OrderSendResult(retcode=10016, deal=0, order=0, volume=0.0, price=0.0, bid=0.0, ask=0.0, comment='Invalid stops', request_id=0, retcode_external=0, request=TradeRequest(action=1, magic=123456, order=0, symbol='BTCUSDm', volume=5.0, price=115812.25, stoplimit=0.0, sl=115818.72, tp=115799.31, deviation=20, type=1, type_filling=1, type_time=0, expiration=0, comment='xgboost_trade', position=0, position_by=0))
2025-09-20 23:41:52,570 INFO [ENTRY] BUY signal prob=0.5312319993972778 lot=3.42 entry=115830.26 sl=115801.08 tp=115888.61999999998
2025-09-20 23:41:52,570 INFO Cooldown active, skipping trade
2025-09-20 23:41:57,575 INFO [ENTRY] BUY signal prob=0.541303277015686 lot=3.45 entry=115830.02 sl=115801.08 tp=115887.90000000001
2025-09-20 23:41:57,820 INFO Order send result: retcode=10009, comment=xgboost_trade, order={'action': 1, 'symbol': 'BTCUSDm', 'volume': 3.45, 'type': 0, 'price': 115830.02, 'sl': 115801.08, 'tp': 115887.90000000001, 'deviation': 20, 'magic': 123456, 'comment': 'xgboost_trade', 'type_time': 0, 'type_filling': 1}
2025-09-20 23:41:57,820 INFO Trade placed: BUY 3.45 lots @ 115830.02 (sl=115801.08 tp=115887.90000000001)
2025-09-20 23:41:57,820 INFO Order result: OrderSendResult(retcode=10009, deal=2095697120, order=2480128016, volume=3.45, price=115830.09, bid=115812.09, ask=115830.09, comment='xgboost_trade', request_id=4137793739, retcode_external=0, request=TradeRequest(action=1, magic=123456, order=0, symbol='BTCUSDm', volume=3.45, price=115830.02, stoplimit=0.0, sl=115801.08, tp=115887.90000000001, deviation=20, type=0, type_filling=1, type_time=0, expiration=0, comment='xgboost_trade', position=0, position_by=0))
2025-09-20 23:42:42,828 INFO [ENTRY] SELL signal prob=0.44223886728286743 lot=5.0 entry=115799.7 sl=115814.86 tp=115769.37999999999
2025-09-20 23:42:42,828 INFO Order send result: retcode=10016, comment=Invalid stops, order={'action': 1, 'symbol': 'BTCUSDm', 'volume': 5.0, 'type': 1, 'price': 115799.7, 'sl': 115814.86, 'tp': 115769.37999999999, 'deviation': 20, 'magic': 123456, 'comment': 'xgboost_trade', 'type_time': 0, 'type_filling': 1}
2025-09-20 23:42:42,828 ERROR Order failed: retcode=10016, detail=OrderSendResult(retcode=10016, deal=0, order=0, volume=0.0, price=0.0, bid=0.0, ask=0.0, comment='Invalid stops', request_id=0, retcode_external=0, request=TradeRequest(action=1, magic=123456, order=0, symbol='BTCUSDm', volume=5.0, price=115799.7, stoplimit=0.0, sl=115814.86, tp=115769.37999999999, deviation=20, type=1, type_filling=1, type_time=0, expiration=0, comment='xgboost_trade', position=0, position_by=0))
2025-09-20 23:42:42,841 INFO Order result: OrderSendResult(retcode=10016, deal=0, order=0, volume=0.0, price=0.0, bid=0.0, ask=0.0, comment='Invalid stops', request_id=0, retcode_external=0, request=TradeRequest(action=1, magic=123456, order=0, symbol='BTCUSDm', volume=5.0, price=115799.7, stoplimit=0.0, sl=115814.86, tp=115769.37999999999, deviation=20, type=1, type_filling=1, type_time=0, expiration=0, comment='xgboost_trade', position=0, position_by=0))
2025-09-20 23:42:47,847 INFO [ENTRY] BUY signal prob=0.6863338947296143 lot=5.0 entry=115819.95 sl=115803.39 tp=115853.06999999999
2025-09-20 23:42:47,847 INFO Cooldown active, skipping trade
2025-09-20 23:42:52,859 INFO [ENTRY] BUY signal prob=0.6682550311088562 lot=5.0 entry=115812.2 sl=115803.39 tp=115829.81999999999
2025-09-20 23:42:52,868 INFO Order send result: retcode=10016, comment=Invalid stops, order={'action': 1, 'symbol': 'BTCUSDm', 'volume': 5.0, 'type': 0, 'price': 115812.2, 'sl': 115803.39, 'tp': 115829.81999999999, 'deviation': 20, 'magic': 123456, 'comment': 'xgboost_trade', 'type_time': 0, 'type_filling': 1}
2025-09-20 23:42:52,868 ERROR Order failed: retcode=10016, detail=OrderSendResult(retcode=10016, deal=0, order=0, volume=0.0, price=0.0, bid=0.0, ask=0.0, comment='Invalid stops', request_id=0, retcode_external=0, request=TradeRequest(action=1, magic=123456, order=0, symbol='BTCUSDm', volume=5.0, price=115812.2, stoplimit=0.0, sl=115803.39, tp=115829.81999999999, deviation=20, type=0, type_filling=1, type_time=0, expiration=0, comment='xgboost_trade', position=0, position_by=0))
2025-09-20 23:42:52,868 INFO Order result: OrderSendResult(retcode=10016, deal=0, order=0, volume=0.0, price=0.0, bid=0.0, ask=0.0, comment='Invalid stops', request_id=0, retcode_external=0, request=TradeRequest(action=1, magic=123456, order=0, symbol='BTCUSDm', volume=5.0, price=115812.2, stoplimit=0.0, sl=115803.39, tp=115829.81999999999, deviation=20, type=0, type_filling=1, type_time=0, expiration=0, comment='xgboost_trade', position=0, position_by=0))
2025-09-20 23:42:57,879 INFO [ENTRY] BUY signal prob=0.620120644569397 lot=5.0 entry=115812.15 sl=115803.39 tp=115829.66999999998
2025-09-20 23:42:57,879 INFO Cooldown active, skipping trade
2025-09-20 23:43:02,895 INFO [ENTRY] SELL signal prob=0.44684210419654846 lot=5.0 entry=115802.52 sl=115813.3 tp=115780.96
2025-09-20 23:43:02,897 INFO Order send result: retcode=10016, comment=Invalid stops, order={'action': 1, 'symbol': 'BTCUSDm', 'volume': 5.0, 'type': 1, 'price': 115802.52, 'sl': 115813.3, 'tp': 115780.96, 'deviation': 20, 'magic': 123456, 'comment': 'xgboost_trade', 'type_time': 0, 'type_filling': 1}
2025-09-20 23:43:02,897 ERROR Order failed: retcode=10016, detail=OrderSendResult(retcode=10016, deal=0, order=0, volume=0.0, price=0.0, bid=0.0, ask=0.0, comment='Invalid stops', request_id=0, retcode_external=0, request=TradeRequest(action=1, magic=123456, order=0, symbol='BTCUSDm', volume=5.0, price=115802.52, stoplimit=0.0, sl=115813.3, tp=115780.96, deviation=20, type=1, type_filling=1, type_time=0, expiration=0, comment='xgboost_trade', position=0, position_by=0))
2025-09-20 23:43:02,897 INFO Order result: OrderSendResult(retcode=10016, deal=0, order=0, volume=0.0, price=0.0, bid=0.0, ask=0.0, comment='Invalid stops', request_id=0, retcode_external=0, request=TradeRequest(action=1, magic=123456, order=0, symbol='BTCUSDm', volume=5.0, price=115802.52, stoplimit=0.0, sl=115813.3, tp=115780.96, deviation=20, type=1, type_filling=1, type_time=0, expiration=0, comment='xgboost_trade', position=0, position_by=0))
2025-09-20 23:43:07,909 INFO [ENTRY] SELL signal prob=0.4622340500354767 lot=5.0 entry=115799.76 sl=115813.3 tp=115772.67999999998
2025-09-20 23:43:07,909 INFO Cooldown active, skipping trade
2025-09-20 23:43:12,922 INFO [ENTRY] SELL signal prob=0.39782974123954773 lot=5.0 entry=115803.26 sl=115813.3 tp=115783.17999999998
2025-09-20 23:43:12,922 INFO Order send result: retcode=10016, comment=Invalid stops, order={'action': 1, 'symbol': 'BTCUSDm', 'volume': 5.0, 'type': 1, 'price': 115803.26, 'sl': 115813.3, 'tp': 115783.17999999998, 'deviation': 20, 'magic': 123456, 'comment': 'xgboost_trade', 'type_time': 0, 'type_filling': 1}
2025-09-20 23:43:12,922 ERROR Order failed: retcode=10016, detail=OrderSendResult(retcode=10016, deal=0, order=0, volume=0.0, price=0.0, bid=0.0, ask=0.0, comment='Invalid stops', request_id=0, retcode_external=0, request=TradeRequest(action=1, magic=123456, order=0, symbol='BTCUSDm', volume=5.0, price=115803.26, stoplimit=0.0, sl=115813.3, tp=115783.17999999998, deviation=20, type=1, type_filling=1, type_time=0, expiration=0, comment='xgboost_trade', position=0, position_by=0))
2025-09-20 23:43:12,922 INFO Order result: OrderSendResult(retcode=10016, deal=0, order=0, volume=0.0, price=0.0, bid=0.0, ask=0.0, comment='Invalid stops', request_id=0, retcode_external=0, request=TradeRequest(action=1, magic=123456, order=0, symbol='BTCUSDm', volume=5.0, price=115803.26, stoplimit=0.0, sl=115813.3, tp=115783.17999999998, deviation=20, type=1, type_filling=1, type_time=0, expiration=0, comment='xgboost_trade', position=0, position_by=0))
2025-09-20 23:43:17,932 INFO [ENTRY] SELL signal prob=0.36656415462493896 lot=5.0 entry=115803.96 sl=115813.3 tp=115785.28000000001
2025-09-20 23:43:17,932 INFO Cooldown active, skipping trade
2025-09-20 23:43:22,945 INFO [ENTRY] SELL signal prob=0.4622340500354767 lot=5.0 entry=115800.88 sl=115813.3 tp=115776.04000000001
2025-09-20 23:43:22,945 INFO Order send result: retcode=10016, comment=Invalid stops, order={'action': 1, 'symbol': 'BTCUSDm', 'volume': 5.0, 'type': 1, 'price': 115800.88, 'sl': 115813.3, 'tp': 115776.04000000001, 'deviation': 20, 'magic': 123456, 'comment': 'xgboost_trade', 'type_time': 0, 'type_filling': 1}
2025-09-20 23:43:22,945 ERROR Order failed: retcode=10016, detail=OrderSendResult(retcode=10016, deal=0, order=0, volume=0.0, price=0.0, bid=0.0, ask=0.0, comment='Invalid stops', request_id=0, retcode_external=0, request=TradeRequest(action=1, magic=123456, order=0, symbol='BTCUSDm', volume=5.0, price=115800.88, stoplimit=0.0, sl=115813.3, tp=115776.04000000001, deviation=20, type=1, type_filling=1, type_time=0, expiration=0, comment='xgboost_trade', position=0, position_by=0))
2025-09-20 23:43:22,945 INFO Order result: OrderSendResult(retcode=10016, deal=0, order=0, volume=0.0, price=0.0, bid=0.0, ask=0.0, comment='Invalid stops', request_id=0, retcode_external=0, request=TradeRequest(action=1, magic=123456, order=0, symbol='BTCUSDm', volume=5.0, price=115800.88, stoplimit=0.0, sl=115813.3, tp=115776.04000000001, deviation=20, type=1, type_filling=1, type_time=0, expiration=0, comment='xgboost_trade', position=0, position_by=0))
2025-09-20 23:43:27,958 INFO [ENTRY] SELL signal prob=0.36656415462493896 lot=5.0 entry=115803.69 sl=115813.3 tp=115784.47
2025-09-20 23:43:27,958 INFO Cooldown active, skipping trade
2025-09-20 23:43:32,964 INFO [ENTRY] SELL signal prob=0.36656415462493896 lot=5.0 entry=115804.81 sl=115813.3 tp=115787.82999999999
2025-09-20 23:43:32,964 INFO Order send result: retcode=10016, comment=Invalid stops, order={'action': 1, 'symbol': 'BTCUSDm', 'volume': 5.0, 'type': 1, 'price': 115804.81, 'sl': 115813.3, 'tp': 115787.82999999999, 'deviation': 20, 'magic': 123456, 'comment': 'xgboost_trade', 'type_time': 0, 'type_filling': 1}
2025-09-20 23:43:32,971 ERROR Order failed: retcode=10016, detail=OrderSendResult(retcode=10016, deal=0, order=0, volume=0.0, price=0.0, bid=0.0, ask=0.0, comment='Invalid stops', request_id=0, retcode_external=0, request=TradeRequest(action=1, magic=123456, order=0, symbol='BTCUSDm', volume=5.0, price=115804.81, stoplimit=0.0, sl=115813.3, tp=115787.82999999999, deviation=20, type=1, type_filling=1, type_time=0, expiration=0, comment='xgboost_trade', position=0, position_by=0))
2025-09-20 23:43:32,971 INFO Order result: OrderSendResult(retcode=10016, deal=0, order=0, volume=0.0, price=0.0, bid=0.0, ask=0.0, comment='Invalid stops', request_id=0, retcode_external=0, request=TradeRequest(action=1, magic=123456, order=0, symbol='BTCUSDm', volume=5.0, price=115804.81, stoplimit=0.0, sl=115813.3, tp=115787.82999999999, deviation=20, type=1, type_filling=1, type_time=0, expiration=0, comment='xgboost_trade', position=0, position_by=0))
2025-09-20 23:43:37,984 INFO [ENTRY] BUY signal prob=0.5456283688545227 lot=3.35 entry=115822.04 sl=115792.9 tp=115880.31999999999
2025-09-20 23:43:37,984 INFO Cooldown active, skipping trade
2025-09-20 23:43:42,993 INFO [ENTRY] BUY signal prob=0.6807295680046082 lot=3.42 entry=115821.43 sl=115792.9 tp=115878.48999999999
2025-09-20 23:43:43,217 INFO Order send result: retcode=10009, comment=xgboost_trade, order={'action': 1, 'symbol': 'BTCUSDm', 'volume': 3.42, 'type': 0, 'price': 115821.43, 'sl': 115792.9, 'tp': 115878.48999999999, 'deviation': 20, 'magic': 123456, 'comment': 'xgboost_trade', 'type_time': 0, 'type_filling': 1}
2025-09-20 23:43:43,217 INFO Trade placed: BUY 3.42 lots @ 115821.43 (sl=115792.9 tp=115878.48999999999)
2025-09-20 23:43:43,217 INFO Order result: OrderSendResult(retcode=10009, deal=2095697937, order=2480128820, volume=3.42, price=115821.25, bid=115803.25, ask=115821.25, comment='xgboost_trade', request_id=4137793740, retcode_external=0, request=TradeRequest(action=1, magic=123456, order=0, symbol='BTCUSDm', volume=3.42, price=115821.43, stoplimit=0.0, sl=115792.9, tp=115878.48999999999, deviation=20, type=0, type_filling=1, type_time=0, expiration=0, comment='xgboost_trade', position=0, position_by=0))
2025-09-20 23:46:03,260 INFO [ENTRY] SELL signal prob=0.4526239335536957 lot=5.0 entry=115789.62 sl=115807.81 tp=115753.23999999999
2025-09-20 23:46:03,479 INFO Order send result: retcode=10009, comment=xgboost_trade, order={'action': 1, 'symbol': 'BTCUSDm', 'volume': 5.0, 'type': 1, 'price': 115789.62, 'sl': 115807.81, 'tp': 115753.23999999999, 'deviation': 20, 'magic': 123456, 'comment': 'xgboost_trade', 'type_time': 0, 'type_filling': 1}
2025-09-20 23:46:03,479 INFO Trade placed: SELL 5.0 lots @ 115789.62 (sl=115807.81 tp=115753.23999999999)
2025-09-20 23:46:03,479 INFO Order result: OrderSendResult(retcode=10009, deal=2095699428, order=2480130217, volume=5.0, price=115789.62, bid=115789.62, ask=115807.62, comment='xgboost_trade', request_id=4137793741, retcode_external=0, request=TradeRequest(action=1, magic=123456, order=0, symbol='BTCUSDm', volume=5.0, price=115789.62, stoplimit=0.0, sl=115807.81, tp=115753.23999999999, deviation=20, type=1, type_filling=1, type_time=0, expiration=0, comment='xgboost_trade', position=0, position_by=0))
2025-09-20 23:48:08,525 INFO [ENTRY] SELL signal prob=0.2820652723312378 lot=5.0 entry=115788.76 sl=115780.45 tp=115772.14
2025-09-20 23:48:08,525 INFO Order send result: retcode=10016, comment=Invalid stops, order={'action': 1, 'symbol': 'BTCUSDm', 'volume': 5.0, 'type': 1, 'price': 115788.76, 'sl': 115780.45, 'tp': 115772.14, 'deviation': 20, 'magic': 123456, 'comment': 'xgboost_trade', 'type_time': 0, 'type_filling': 1}
2025-09-20 23:48:08,525 ERROR Order failed: retcode=10016, detail=OrderSendResult(retcode=10016, deal=0, order=0, volume=0.0, price=0.0, bid=0.0, ask=0.0, comment='Invalid stops', request_id=0, retcode_external=0, request=TradeRequest(action=1, magic=123456, order=0, symbol='BTCUSDm', volume=5.0, price=115788.76, stoplimit=0.0, sl=115780.45, tp=115772.14, deviation=20, type=1, type_filling=1, type_time=0, expiration=0, comment='xgboost_trade', position=0, position_by=0))
2025-09-20 23:48:08,525 INFO Order result: OrderSendResult(retcode=10016, deal=0, order=0, volume=0.0, price=0.0, bid=0.0, ask=0.0, comment='Invalid stops', request_id=0, retcode_external=0, request=TradeRequest(action=1, magic=123456, order=0, symbol='BTCUSDm', volume=5.0, price=115788.76, stoplimit=0.0, sl=115780.45, tp=115772.14, deviation=20, type=1, type_filling=1, type_time=0, expiration=0, comment='xgboost_trade', position=0, position_by=0))
2025-09-20 23:48:13,529 INFO [ENTRY] SELL signal prob=0.2820652723312378 lot=5.0 entry=115788.76 sl=115780.45 tp=115772.14
2025-09-20 23:48:13,529 INFO Cooldown active, skipping trade
2025-09-20 23:48:18,552 INFO [ENTRY] SELL signal prob=0.2820652723312378 lot=5.0 entry=115788.8 sl=115780.45 tp=115772.09999999999
2025-09-20 23:48:18,552 INFO Order send result: retcode=10016, comment=Invalid stops, order={'action': 1, 'symbol': 'BTCUSDm', 'volume': 5.0, 'type': 1, 'price': 115788.8, 'sl': 115780.45, 'tp': 115772.09999999999, 'deviation': 20, 'magic': 123456, 'comment': 'xgboost_trade', 'type_time': 0, 'type_filling': 1}
2025-09-20 23:48:18,552 ERROR Order failed: retcode=10016, detail=OrderSendResult(retcode=10016, deal=0, order=0, volume=0.0, price=0.0, bid=0.0, ask=0.0, comment='Invalid stops', request_id=0, retcode_external=0, request=TradeRequest(action=1, magic=123456, order=0, symbol='BTCUSDm', volume=5.0, price=115788.8, stoplimit=0.0, sl=115780.45, tp=115772.09999999999, deviation=20, type=1, type_filling=1, type_time=0, expiration=0, comment='xgboost_trade', position=0, position_by=0))
2025-09-20 23:48:18,552 INFO Order result: OrderSendResult(retcode=10016, deal=0, order=0, volume=0.0, price=0.0, bid=0.0, ask=0.0, comment='Invalid stops', request_id=0, retcode_external=0, request=TradeRequest(action=1, magic=123456, order=0, symbol='BTCUSDm', volume=5.0, price=115788.8, stoplimit=0.0, sl=115780.45, tp=115772.09999999999, deviation=20, type=1, type_filling=1, type_time=0, expiration=0, comment='xgboost_trade', position=0, position_by=0))
2025-09-20 23:48:23,554 INFO [ENTRY] SELL signal prob=0.2820652723312378 lot=5.0 entry=115788.62 sl=115780.45 tp=115772.28
2025-09-20 23:48:23,563 INFO Cooldown active, skipping trade
2025-09-20 23:48:28,574 INFO [ENTRY] SELL signal prob=0.3070055842399597 lot=5.0 entry=115788.31 sl=115780.45 tp=115772.59
2025-09-20 23:48:28,574 INFO Order send result: retcode=10016, comment=Invalid stops, order={'action': 1, 'symbol': 'BTCUSDm', 'volume': 5.0, 'type': 1, 'price': 115788.31, 'sl': 115780.45, 'tp': 115772.59, 'deviation': 20, 'magic': 123456, 'comment': 'xgboost_trade', 'type_time': 0, 'type_filling': 1}
2025-09-20 23:48:28,574 ERROR Order failed: retcode=10016, detail=OrderSendResult(retcode=10016, deal=0, order=0, volume=0.0, price=0.0, bid=0.0, ask=0.0, comment='Invalid stops', request_id=0, retcode_external=0, request=TradeRequest(action=1, magic=123456, order=0, symbol='BTCUSDm', volume=5.0, price=115788.31, stoplimit=0.0, sl=115780.45, tp=115772.59, deviation=20, type=1, type_filling=1, type_time=0, expiration=0, comment='xgboost_trade', position=0, position_by=0))
2025-09-20 23:48:28,574 INFO Order result: OrderSendResult(retcode=10016, deal=0, order=0, volume=0.0, price=0.0, bid=0.0, ask=0.0, comment='Invalid stops', request_id=0, retcode_external=0, request=TradeRequest(action=1, magic=123456, order=0, symbol='BTCUSDm', volume=5.0, price=115788.31, stoplimit=0.0, sl=115780.45, tp=115772.59, deviation=20, type=1, type_filling=1, type_time=0, expiration=0, comment='xgboost_trade', position=0, position_by=0))
2025-09-20 23:48:33,579 INFO [ENTRY] SELL signal prob=0.3070055842399597 lot=5.0 entry=115788.15 sl=115780.45 tp=115772.75
2025-09-20 23:48:33,579 INFO Cooldown active, skipping trade
2025-09-20 23:48:38,599 INFO [ENTRY] SELL signal prob=0.4789753258228302 lot=5.0 entry=115787.81 sl=115780.45 tp=115773.09
2025-09-20 23:48:38,599 INFO Order send result: retcode=10016, comment=Invalid stops, order={'action': 1, 'symbol': 'BTCUSDm', 'volume': 5.0, 'type': 1, 'price': 115787.81, 'sl': 115780.45, 'tp': 115773.09, 'deviation': 20, 'magic': 123456, 'comment': 'xgboost_trade', 'type_time': 0, 'type_filling': 1}
2025-09-20 23:48:38,599 ERROR Order failed: retcode=10016, detail=OrderSendResult(retcode=10016, deal=0, order=0, volume=0.0, price=0.0, bid=0.0, ask=0.0, comment='Invalid stops', request_id=0, retcode_external=0, request=TradeRequest(action=1, magic=123456, order=0, symbol='BTCUSDm', volume=5.0, price=115787.81, stoplimit=0.0, sl=115780.45, tp=115773.09, deviation=20, type=1, type_filling=1, type_time=0, expiration=0, comment='xgboost_trade', position=0, position_by=0))
2025-09-20 23:48:38,599 INFO Order result: OrderSendResult(retcode=10016, deal=0, order=0, volume=0.0, price=0.0, bid=0.0, ask=0.0, comment='Invalid stops', request_id=0, retcode_external=0, request=TradeRequest(action=1, magic=123456, order=0, symbol='BTCUSDm', volume=5.0, price=115787.81, stoplimit=0.0, sl=115780.45, tp=115773.09, deviation=20, type=1, type_filling=1, type_time=0, expiration=0, comment='xgboost_trade', position=0, position_by=0))
2025-09-20 23:48:43,611 INFO [ENTRY] BUY signal prob=0.542678713798523 lot=2.58 entry=115805.74 sl=115769.62 tp=115877.98000000003
2025-09-20 23:48:43,612 INFO Cooldown active, skipping trade
2025-09-20 23:48:48,612 INFO [ENTRY] BUY signal prob=0.5558972358703613 lot=2.59 entry=115805.61 sl=115769.62 tp=115877.59000000001
2025-09-20 23:48:48,853 INFO Order send result: retcode=10009, comment=xgboost_trade, order={'action': 1, 'symbol': 'BTCUSDm', 'volume': 2.59, 'type': 0, 'price': 115805.61, 'sl': 115769.62, 'tp': 115877.59000000001, 'deviation': 20, 'magic': 123456, 'comment': 'xgboost_trade', 'type_time': 0, 'type_filling': 1}
2025-09-20 23:48:48,853 INFO Trade placed: BUY 2.59 lots @ 115805.61 (sl=115769.62 tp=115877.59000000001)
2025-09-20 23:48:48,853 INFO Order result: OrderSendResult(retcode=10009, deal=2095701988, order=2480132704, volume=2.59, price=115805.68000000001, bid=115787.68000000001, ask=115805.68000000001, comment='xgboost_trade', request_id=4137793742, retcode_external=0, request=TradeRequest(action=1, magic=123456, order=0, symbol='BTCUSDm', volume=2.59, price=115805.61, stoplimit=0.0, sl=115769.62, tp=115877.59000000001, deviation=20, type=0, type_filling=1, type_time=0, expiration=0, comment='xgboost_trade', position=0, position_by=0))
